ABCsampler Logfile
*******************
Reading inputfile 'borealis_linux.input' ..... done!
Random generator initialized with seed -488698
Performing a Standard Simulation

Filenames
**********
Prefix for output files: borealis_output
Name of file with prior definitions: borealis.est
Reading priors and rules 'borealis.est' ... done:
 -5 Priors
 -0 Combined Priors
 -1 Rules
Names of the simulation input files:
 -'./settings.txt'
 -'./dens_init.txt'
 -'./veg2K_cur.txt'
 -'./veg2K_lgm.txt'
Corresponding names of the temporal simulation input files:
 -'./settings-temp.txt'
 -'./dens_init-temp.txt'
 -'./veg2K_cur-temp.txt'
 -'./veg2K_lgm-temp.txt'
Using simulation program: '../SPLATCHE3-MacOs-64b'

Initialization
**********
create first input file and initialize ....
The following file is read to get the summary statistics: 'summary_stats_temp.txt'
Reading observed data file 'empiricalSS.obs' ... done, read 139 Data
Using SumStat program: '/usr/bin/python'
  -number of observed Statistics: 139
  -number of simulated Statistics: 139
All Statistics are written in one single Outputfile.
Number of simulations to perform: 100
Number of repeats per parameter vector is set to: 1

Simulations
**********
Loop is started.....
0/100
Simulation program returned an error! The following parameters were used:
Parameter names:	K	MRATE	N_ANCESTRAL	oriLat	oriLon
Values:	3987	0.0071833	9179	-18.9438	119.777
